<?xml version="1.0" encoding="UTF-8"?>
<!-- Generated by org.testng.reporters.JUnitXMLReporter -->
<testsuite ignored="4" hostname="ArcGate2168" failures="7" tests="7" name="API" time="0.502" errors="0" timestamp="2020-10-12T12:15:09 IST">
  <testcase classname="Testing.RequestKYC" name="Request_KYC_Without_kyc_level_entity" time="0.212">
    <failure type="java.lang.Error" message="Unresolved compilation problems: 
	The method getStatus() is undefined for the type BaseResponse
	The method getReference() is undefined for the type BaseResponse
	The method getMessage() is undefined for the type BaseResponse
">
      <![CDATA[java.lang.Error: Unresolved compilation problems: 
The method getStatus() is undefined for the type BaseResponse
The method getReference() is undefined for the type BaseResponse
The method getMessage() is undefined for the type BaseResponse

at Testing.RequestKYC.Request_KYC_Without_kyc_level_entity(RequestKYC.java:40)
at java.base/java.util.ArrayList.forEach(ArrayList.java:1541)
... Removed 27 stack frames]]>
    </failure>
  </testcase> <!-- Request_KYC_Without_kyc_level_entity -->
  <testcase classname="Testing.CheckKYC" name="check_kyc_verification_pending" time="0.006">
    <failure type="java.lang.Error" message="Unresolved compilation problems: 
	privatekey04 cannot be resolved to a variable
	privatekey04 cannot be resolved to a variable
	The method getStatus() is undefined for the type BaseResponse
	The method getReference() is undefined for the type BaseResponse
	The method getMessage() is undefined for the type BaseResponse
	The method getStatus() is undefined for the type BaseResponse
	The method getReference() is undefined for the type BaseResponse
	The method getMessage() is undefined for the type BaseResponse
">
      <![CDATA[java.lang.Error: Unresolved compilation problems: 
privatekey04 cannot be resolved to a variable
privatekey04 cannot be resolved to a variable
The method getStatus() is undefined for the type BaseResponse
The method getReference() is undefined for the type BaseResponse
The method getMessage() is undefined for the type BaseResponse
The method getStatus() is undefined for the type BaseResponse
The method getReference() is undefined for the type BaseResponse
The method getMessage() is undefined for the type BaseResponse

at Testing.CheckKYC.check_kyc_verification_pending(CheckKYC.java:22)
at java.base/java.util.ArrayList.forEach(ArrayList.java:1541)
... Removed 27 stack frames]]>
    </failure>
  </testcase> <!-- check_kyc_verification_pending -->
  <testcase classname="Testing.CheckKYC" name="check_kyc_verification_successfully_passed" time="0.002">
    <failure type="java.lang.Error" message="Unresolved compilation problems: 
	privatekey04 cannot be resolved to a variable
	The method getStatus() is undefined for the type BaseResponse
	The method getReference() is undefined for the type BaseResponse
	The method getMessage() is undefined for the type BaseResponse
	The method getStatus() is undefined for the type BaseResponse
	The method getReference() is undefined for the type BaseResponse
	The method getMessage() is undefined for the type BaseResponse
">
      <![CDATA[java.lang.Error: Unresolved compilation problems: 
privatekey04 cannot be resolved to a variable
The method getStatus() is undefined for the type BaseResponse
The method getReference() is undefined for the type BaseResponse
The method getMessage() is undefined for the type BaseResponse
The method getStatus() is undefined for the type BaseResponse
The method getReference() is undefined for the type BaseResponse
The method getMessage() is undefined for the type BaseResponse

at Testing.CheckKYC.check_kyc_verification_successfully_passed(CheckKYC.java:46)
at java.base/java.util.ArrayList.forEach(ArrayList.java:1541)
... Removed 27 stack frames]]>
    </failure>
  </testcase> <!-- check_kyc_verification_successfully_passed -->
  <testcase classname="Testing.CheckKYC" name="check_kyc_with_unregistered_user_handle" time="0.002">
    <failure type="java.lang.Error" message="Unresolved compilation problems: 
	privatekey02 cannot be resolved to a variable
	The method getStatus() is undefined for the type BaseResponse
	The method getReference() is undefined for the type BaseResponse
	The method getMessage() is undefined for the type BaseResponse
	The method getStatus() is undefined for the type BaseResponse
	The method getMessage() is undefined for the type BaseResponse
">
      <![CDATA[java.lang.Error: Unresolved compilation problems: 
privatekey02 cannot be resolved to a variable
The method getStatus() is undefined for the type BaseResponse
The method getReference() is undefined for the type BaseResponse
The method getMessage() is undefined for the type BaseResponse
The method getStatus() is undefined for the type BaseResponse
The method getMessage() is undefined for the type BaseResponse

at Testing.CheckKYC.check_kyc_with_unregistered_user_handle(CheckKYC.java:70)
at java.base/java.util.ArrayList.forEach(ArrayList.java:1541)
... Removed 27 stack frames]]>
    </failure>
  </testcase> <!-- check_kyc_with_unregistered_user_handle -->
  <testcase classname="Testing.CheckKYC" name="check_kyc_with_empty_user_handle" time="0.003">
    <failure type="java.lang.Error" message="Unresolved compilation problems: 
	privatekey02 cannot be resolved to a variable
	The method getStatus() is undefined for the type BaseResponse
	The method getReference() is undefined for the type BaseResponse
	The method getMessage() is undefined for the type BaseResponse
	The method getStatus() is undefined for the type BaseResponse
	The method getMessage() is undefined for the type BaseResponse
">
      <![CDATA[java.lang.Error: Unresolved compilation problems: 
privatekey02 cannot be resolved to a variable
The method getStatus() is undefined for the type BaseResponse
The method getReference() is undefined for the type BaseResponse
The method getMessage() is undefined for the type BaseResponse
The method getStatus() is undefined for the type BaseResponse
The method getMessage() is undefined for the type BaseResponse

at Testing.CheckKYC.check_kyc_with_empty_user_handle(CheckKYC.java:93)
at java.base/java.util.ArrayList.forEach(ArrayList.java:1541)
... Removed 27 stack frames]]>
    </failure>
  </testcase> <!-- check_kyc_with_empty_user_handle -->
  <testcase classname="Testing.CheckKYC" name="check_kyc_with_invalid_invalid_signature" time="0.002">
    <failure type="java.lang.Error" message="Unresolved compilation problems: 
	privatekey02 cannot be resolved to a variable
	The method getStatus() is undefined for the type BaseResponse
	The method getReference() is undefined for the type BaseResponse
	The method getMessage() is undefined for the type BaseResponse
	The method getStatus() is undefined for the type BaseResponse
	The method getMessage() is undefined for the type BaseResponse
">
      <![CDATA[java.lang.Error: Unresolved compilation problems: 
privatekey02 cannot be resolved to a variable
The method getStatus() is undefined for the type BaseResponse
The method getReference() is undefined for the type BaseResponse
The method getMessage() is undefined for the type BaseResponse
The method getStatus() is undefined for the type BaseResponse
The method getMessage() is undefined for the type BaseResponse

at Testing.CheckKYC.check_kyc_with_invalid_invalid_signature(CheckKYC.java:115)
at java.base/java.util.ArrayList.forEach(ArrayList.java:1541)
... Removed 27 stack frames]]>
    </failure>
  </testcase> <!-- check_kyc_with_invalid_invalid_signature -->
  <testcase classname="Testing.CheckKYC" name="check_kyc_with_not_requested_kyc_user_handle" time="0.002">
    <failure type="java.lang.Error" message="Unresolved compilation problems: 
	privatekey05 cannot be resolved to a variable
	The method getStatus() is undefined for the type BaseResponse
	The method getReference() is undefined for the type BaseResponse
	The method getMessage() is undefined for the type BaseResponse
	The method getStatus() is undefined for the type BaseResponse
	The method getMessage() is undefined for the type BaseResponse
	ErrorCheckKYCMessage2 cannot be resolved to a variable
">
      <![CDATA[java.lang.Error: Unresolved compilation problems: 
privatekey05 cannot be resolved to a variable
The method getStatus() is undefined for the type BaseResponse
The method getReference() is undefined for the type BaseResponse
The method getMessage() is undefined for the type BaseResponse
The method getStatus() is undefined for the type BaseResponse
The method getMessage() is undefined for the type BaseResponse
ErrorCheckKYCMessage2 cannot be resolved to a variable

at Testing.CheckKYC.check_kyc_with_not_requested_kyc_user_handle(CheckKYC.java:138)
at java.base/java.util.ArrayList.forEach(ArrayList.java:1541)
... Removed 27 stack frames]]>
    </failure>
  </testcase> <!-- check_kyc_with_not_requested_kyc_user_handle -->
  <testcase classname="com.silamoney.common_files.Helper2" name="@AfterSuite TearDown" time="0.0">
    <ignored/>
  </testcase> <!-- @AfterSuite TearDown -->
  <testcase classname="com.silamoney.common_files.Helper2" name="@BeforeTest StartTest" time="0.0">
    <ignored/>
  </testcase> <!-- @BeforeTest StartTest -->
  <testcase classname="com.silamoney.common_files.Helper2" name="@AfterTest edntest" time="0.0">
    <ignored/>
  </testcase> <!-- @AfterTest edntest -->
  <testcase classname="com.silamoney.common_files.Helper2" name="@BeforeSuite SetUp" time="0.0">
    <ignored/>
  </testcase> <!-- @BeforeSuite SetUp -->
</testsuite> <!-- API -->
