<?xml version="1.0" encoding="UTF-8"?>
<!-- Generated by org.testng.reporters.JUnitXMLReporter -->
<testsuite ignored="8" hostname="ArcGate2168" failures="21" tests="55" name="API1" time="57.396" errors="0" timestamp="2020-09-29T18:07:48 IST">
  <testcase classname="test_case_.CheckHandleApiTest" name="Check_with_available_user_handle" time="1.86"/>
  <testcase classname="test_case_.CheckHandleApiTest" name="Check_with_already_taken_user_handle" time="0.657"/>
  <testcase classname="test_case_.CheckHandleApiTest" name="Check_with_empty_user_handle" time="0.51"/>
  <testcase classname="test_case_.CheckHandleApiTest" name="Check_with_invalid_authSignature" time="1.126"/>
  <testcase classname="test_case_.CheckHandleApiTest" name="Check_with_invalid_handle_pattern" time="0.403"/>
  <testcase classname="test_case_.CheckHandleApiTest" name="Check_with_invalid_App_handle" time="1.652"/>
  <testcase classname="test_case_.RequestKYC" name="Request_KYC_Without_kyc_level_entity" time="4.871"/>
  <testcase classname="test_case_.RequestKYC" name="Request_KYC_With_empty_kyc_level_field" time="3.56">
    <failure type="java.lang.AssertionError" message="expected [200] but found [400]">
      <![CDATA[java.lang.AssertionError: expected [200] but found [400]
at test_case_.RequestKYC.Request_KYC_With_empty_kyc_level_field(RequestKYC.java:98)
at java.base/java.util.ArrayList.forEach(ArrayList.java:1541)
... Removed 33 stack frames]]>
    </failure>
  </testcase> <!-- Request_KYC_With_empty_kyc_level_field -->
  <testcase classname="test_case_.RequestKYC" name="Request_KYC_With_empty_user_handle" time="4.024"/>
  <testcase classname="test_case_.RequestKYC" name="Request_KYC_With_401" time="3.701"/>
  <testcase classname="test_case_.RequestKYC" name="Request_KYC_With_403" time="4.051">
    <failure type="java.lang.AssertionError" message="expected [403] but found [401]">
      <![CDATA[java.lang.AssertionError: expected [403] but found [401]
at test_case_.RequestKYC.Request_KYC_With_403(RequestKYC.java:153)
at java.base/java.util.ArrayList.forEach(ArrayList.java:1541)
... Removed 33 stack frames]]>
    </failure>
  </testcase> <!-- Request_KYC_With_403 -->
  <testcase classname="test_case_.RequestKYC" name="Request_KYC_With_unregistered_user_handle" time="3.483"/>
  <testcase classname="test_case_.Register" name="Regiter_with_all_valid_data" time="1.068"/>
  <testcase classname="test_case_.Register" name="Regiter_with_already_taken_user_handle" time="0.458"/>
  <testcase classname="test_case_.Register" name="Regiter_with_empty_first_name_field" time="0.578">
    <failure type="java.lang.AssertionError" message="expected [200] but found [400]">
      <![CDATA[java.lang.AssertionError: expected [200] but found [400]
at test_case_.Register.Regiter_with_empty_first_name_field(Register.java:79)
at java.base/java.util.ArrayList.forEach(ArrayList.java:1541)
... Removed 33 stack frames]]>
    </failure>
  </testcase> <!-- Regiter_with_empty_first_name_field -->
  <testcase classname="test_case_.Register" name="Regiter_with_empty_last_name_field" time="0.624">
    <failure type="java.lang.AssertionError" message="expected [200] but found [400]">
      <![CDATA[java.lang.AssertionError: expected [200] but found [400]
at test_case_.Register.Regiter_with_empty_last_name_field(Register.java:100)
at java.base/java.util.ArrayList.forEach(ArrayList.java:1541)
... Removed 33 stack frames]]>
    </failure>
  </testcase> <!-- Regiter_with_empty_last_name_field -->
  <testcase classname="test_case_.Register" name="Regiter_with_empty_street_address_1_field" time="0.51">
    <failure type="java.lang.AssertionError" message="expected [200] but found [400]">
      <![CDATA[java.lang.AssertionError: expected [200] but found [400]
at test_case_.Register.Regiter_with_empty_street_address_1_field(Register.java:125)
at java.base/java.util.ArrayList.forEach(ArrayList.java:1541)
... Removed 33 stack frames]]>
    </failure>
  </testcase> <!-- Regiter_with_empty_street_address_1_field -->
  <testcase classname="test_case_.Register" name="Regiter_without_street_address_1_entity" time="0.747"/>
  <testcase classname="test_case_.Register" name="Regiter_With_less_than_3_characters_street_address_1_field" time="1.372"/>
  <testcase classname="test_case_.Register" name="Regiter_With_more_than_40_characters_street_address_1_field" time="0.644">
    <failure type="java.lang.AssertionError" message="expected [400] but found [200]">
      <![CDATA[java.lang.AssertionError: expected [400] but found [200]
at test_case_.Register.Regiter_With_more_than_40_characters_street_address_1_field(Register.java:197)
at java.base/java.util.ArrayList.forEach(ArrayList.java:1541)
... Removed 33 stack frames]]>
    </failure>
  </testcase> <!-- Regiter_With_more_than_40_characters_street_address_1_field -->
  <testcase classname="test_case_.Register" name="Regiter_With_minumum_allowed_3_characters_street_address_1_field" time="0.714"/>
  <testcase classname="test_case_.Register" name="Regiter_with_maximum_allowed_characters_street_address_1_field" time="0.755"/>
  <testcase classname="test_case_.Register" name="Regiter_with_empty_street_address_2_field" time="0.948"/>
  <testcase classname="test_case_.Register" name="Regiter_with_less_than_3_characters_street_address_2_field" time="0.645">
    <failure type="java.lang.AssertionError" message="expected [400] but found [200]">
      <![CDATA[java.lang.AssertionError: expected [400] but found [200]
at test_case_.Register.Regiter_with_less_than_3_characters_street_address_2_field(Register.java:301)
at java.base/java.util.ArrayList.forEach(ArrayList.java:1541)
... Removed 33 stack frames]]>
    </failure>
  </testcase> <!-- Regiter_with_less_than_3_characters_street_address_2_field -->
  <testcase classname="test_case_.Register" name="Regiter_With_more_than_40_characters_street_address_2" time="0.621">
    <failure type="java.lang.AssertionError" message="expected [400] but found [200]">
      <![CDATA[java.lang.AssertionError: expected [400] but found [200]
at test_case_.Register.Regiter_With_more_than_40_characters_street_address_2(Register.java:327)
at java.base/java.util.ArrayList.forEach(ArrayList.java:1541)
... Removed 33 stack frames]]>
    </failure>
  </testcase> <!-- Regiter_With_more_than_40_characters_street_address_2 -->
  <testcase classname="test_case_.Register" name="Regiter_With_Minumum_Chars_Street_Address_2_2" time="0.641"/>
  <testcase classname="test_case_.Register" name="Regiter_with_maximum_allowed_40_chars_street_address_2" time="0.625"/>
  <testcase classname="test_case_.Register" name="Regiter_with_empty_city_field" time="0.397">
    <failure type="java.lang.AssertionError" message="expected [200] but found [400]">
      <![CDATA[java.lang.AssertionError: expected [200] but found [400]
at test_case_.Register.Regiter_with_empty_city_field(Register.java:400)
at java.base/java.util.ArrayList.forEach(ArrayList.java:1541)
... Removed 33 stack frames]]>
    </failure>
  </testcase> <!-- Regiter_with_empty_city_field -->
  <testcase classname="test_case_.Register" name="Register_with_less_than_2_characters_city_name_field" time="0.543"/>
  <testcase classname="test_case_.Register" name="Register_with_more_than_40_characters_city_name_field" time="0.631">
    <failure type="java.lang.AssertionError" message="expected [400] but found [200]">
      <![CDATA[java.lang.AssertionError: expected [400] but found [200]
at test_case_.Register.Register_with_more_than_40_characters_city_name_field(Register.java:441)
at java.base/java.util.ArrayList.forEach(ArrayList.java:1541)
... Removed 33 stack frames]]>
    </failure>
  </testcase> <!-- Register_with_more_than_40_characters_city_name_field -->
  <testcase classname="test_case_.Register" name="Register_with_allowed_40_characters_city_name_field" time="0.632">
    <failure type="java.lang.AssertionError" message="expected [200] but found [400]">
      <![CDATA[java.lang.AssertionError: expected [200] but found [400]
at test_case_.Register.Register_with_allowed_40_characters_city_name_field(Register.java:464)
at java.base/java.util.ArrayList.forEach(ArrayList.java:1541)
... Removed 33 stack frames]]>
    </failure>
  </testcase> <!-- Register_with_allowed_40_characters_city_name_field -->
  <testcase classname="test_case_.Register" name="Regiter_with_empty_state_field" time="0.386">
    <failure type="java.lang.AssertionError" message="expected [200] but found [400]">
      <![CDATA[java.lang.AssertionError: expected [200] but found [400]
at test_case_.Register.Regiter_with_empty_state_field(Register.java:486)
at java.base/java.util.ArrayList.forEach(ArrayList.java:1541)
... Removed 33 stack frames]]>
    </failure>
  </testcase> <!-- Regiter_with_empty_state_field -->
  <testcase classname="test_case_.Register" name="Register_with_more_than_2_characters_state_name_field" time="0.565"/>
  <testcase classname="test_case_.Register" name="Register_with_less_than_2_characters_state_name_field" time="0.626"/>
  <testcase classname="test_case_.Register" name="Regiter_with_empty_identy_number_field" time="0.643">
    <failure type="java.lang.AssertionError" message="expected [200] but found [400]">
      <![CDATA[java.lang.AssertionError: expected [200] but found [400]
at test_case_.Register.Regiter_with_empty_identy_number_field(Register.java:547)
at java.base/java.util.ArrayList.forEach(ArrayList.java:1541)
... Removed 33 stack frames]]>
    </failure>
  </testcase> <!-- Regiter_with_empty_identy_number_field -->
  <testcase classname="test_case_.Register" name="Regiter_with_empty_phone_field" time="0.621">
    <failure type="java.lang.AssertionError" message="expected [200] but found [400]">
      <![CDATA[java.lang.AssertionError: expected [200] but found [400]
at test_case_.Register.Regiter_with_empty_phone_field(Register.java:565)
at java.base/java.util.ArrayList.forEach(ArrayList.java:1541)
... Removed 33 stack frames]]>
    </failure>
  </testcase> <!-- Regiter_with_empty_phone_field -->
  <testcase classname="test_case_.Register" name="Regiter_with_less_than_10_chars_phone_field" time="0.631"/>
  <testcase classname="test_case_.Register" name="Regiter_with_more_than_30_chars_phone_field" time="0.411"/>
  <testcase classname="test_case_.Register" name="Regiter_with_30_chars_phone_field" time="0.557">
    <failure type="java.lang.AssertionError" message="expected [200] but found [400]">
      <![CDATA[java.lang.AssertionError: expected [200] but found [400]
at test_case_.Register.Regiter_with_30_chars_phone_field(Register.java:625)
at java.base/java.util.ArrayList.forEach(ArrayList.java:1541)
... Removed 33 stack frames]]>
    </failure>
  </testcase> <!-- Regiter_with_30_chars_phone_field -->
  <testcase classname="test_case_.Register" name="Regiter_with_empty_email_field" time="0.462">
    <failure type="java.lang.AssertionError" message="expected [200] but found [400]">
      <![CDATA[java.lang.AssertionError: expected [200] but found [400]
at test_case_.Register.Regiter_with_empty_email_field(Register.java:645)
at java.base/java.util.ArrayList.forEach(ArrayList.java:1541)
... Removed 33 stack frames]]>
    </failure>
  </testcase> <!-- Regiter_with_empty_email_field -->
  <testcase classname="test_case_.Register" name="Regiter_with_invalid_email_field" time="0.458"/>
  <testcase classname="test_case_.Register" name="Regiter_with_empty_postal_code_field" time="0.631">
    <failure type="java.lang.AssertionError" message="expected [200] but found [400]">
      <![CDATA[java.lang.AssertionError: expected [200] but found [400]
at test_case_.Register.Regiter_with_empty_postal_code_field(Register.java:691)
at java.base/java.util.ArrayList.forEach(ArrayList.java:1541)
... Removed 33 stack frames]]>
    </failure>
  </testcase> <!-- Regiter_with_empty_postal_code_field -->
  <testcase classname="test_case_.Register" name="Regiter_with_minimum_01_length_postal_code_field" time="0.382">
    <failure type="java.lang.AssertionError" message="expected [200] but found [400]">
      <![CDATA[java.lang.AssertionError: expected [200] but found [400]
at test_case_.Register.Regiter_with_minimum_01_length_postal_code_field(Register.java:715)
at java.base/java.util.ArrayList.forEach(ArrayList.java:1541)
... Removed 33 stack frames]]>
    </failure>
  </testcase> <!-- Regiter_with_minimum_01_length_postal_code_field -->
  <testcase classname="test_case_.Register" name="Regiter_with_mmaximum_10_length_postal_code_field" time="0.383">
    <failure type="java.lang.AssertionError" message="expected [200] but found [400]">
      <![CDATA[java.lang.AssertionError: expected [200] but found [400]
at test_case_.Register.Regiter_with_mmaximum_10_length_postal_code_field(Register.java:738)
at java.base/java.util.ArrayList.forEach(ArrayList.java:1541)
... Removed 33 stack frames]]>
    </failure>
  </testcase> <!-- Regiter_with_mmaximum_10_length_postal_code_field -->
  <testcase classname="test_case_.Register" name="Regiter_with_more_than_aloowed_length_postal_code_field" time="0.482"/>
  <testcase classname="test_case_.Register" name="Regiter_with_empty_crypto_address_field" time="0.631"/>
  <testcase classname="test_case_.Register" name="Regiter_with_more_than_42_characters_crypto_address_field" time="0.459"/>
  <testcase classname="test_case_.Register" name="Regiter_with_less_than_42_characters_crypto_address_field" time="0.487"/>
  <testcase classname="test_case_.Register" name="Regiter_with_empty_birth_date_field" time="0.632">
    <failure type="java.lang.AssertionError" message="expected [200] but found [400]">
      <![CDATA[java.lang.AssertionError: expected [200] but found [400]
at test_case_.Register.Regiter_with_empty_birth_date_field(Register.java:848)
at java.base/java.util.ArrayList.forEach(ArrayList.java:1541)
... Removed 33 stack frames]]>
    </failure>
  </testcase> <!-- Regiter_with_empty_birth_date_field -->
  <testcase classname="test_case_.Register" name="Regiter_with_Future_birth_date_field" time="0.627"/>
  <testcase classname="test_case_.Register" name="Regiter_with_below_18_Years_birth_date_field" time="0.636"/>
  <testcase classname="test_case_.Register" name="Regiter_with_after_18_Years_birth_date_field" time="0.631">
    <failure type="java.lang.AssertionError" message="expected [200] but found [400]">
      <![CDATA[java.lang.AssertionError: expected [200] but found [400]
at test_case_.Register.Regiter_with_after_18_Years_birth_date_field(Register.java:917)
at java.base/java.util.ArrayList.forEach(ArrayList.java:1541)
... Removed 33 stack frames]]>
    </failure>
  </testcase> <!-- Regiter_with_after_18_Years_birth_date_field -->
  <testcase classname="test_case_.Register" name="Regiter_With_Empty_User_Handle_Field" time="0.396"/>
  <testcase classname="test_case_.Register" name="Check_Response_401" time="1.357"/>
  <testcase classname="test_case_.Register" name="Register_with_different_private_key" time="0.465"/>
  <testcase classname="com.silamoney.common_files.Helper2" name="@AfterSuite TearDown" time="0.0">
    <ignored/>
  </testcase> <!-- @AfterSuite TearDown -->
  <testcase classname="com.silamoney.common_files.Helper2" name="@AfterSuite TearDown" time="0.0">
    <ignored/>
  </testcase> <!-- @AfterSuite TearDown -->
  <testcase classname="com.silamoney.common_files.Helper2" name="@BeforeTest StartTest" time="0.0">
    <ignored/>
  </testcase> <!-- @BeforeTest StartTest -->
  <testcase classname="com.silamoney.common_files.Helper2" name="@BeforeTest StartTest" time="0.0">
    <ignored/>
  </testcase> <!-- @BeforeTest StartTest -->
  <testcase classname="com.silamoney.common_files.Helper2" name="@AfterTest edntest" time="0.0">
    <ignored/>
  </testcase> <!-- @AfterTest edntest -->
  <testcase classname="com.silamoney.common_files.Helper2" name="@AfterTest edntest" time="0.0">
    <ignored/>
  </testcase> <!-- @AfterTest edntest -->
  <testcase classname="com.silamoney.common_files.Helper2" name="@BeforeSuite SetUp" time="0.0">
    <ignored/>
  </testcase> <!-- @BeforeSuite SetUp -->
  <testcase classname="com.silamoney.common_files.Helper2" name="@BeforeSuite SetUp" time="0.0">
    <ignored/>
  </testcase> <!-- @BeforeSuite SetUp -->
</testsuite> <!-- API1 -->
